[2020-05-23 23:42:43.381] [exthost] [info] extension host started
[2020-05-23 23:42:43.392] [exthost] [info] ExtensionService#_doActivateExtension vscode.debug-auto-launch {"startup":true,"extensionId":{"value":"vscode.debug-auto-launch","_lower":"vscode.debug-auto-launch"},"activationEvent":"*"}
[2020-05-23 23:42:43.392] [exthost] [info] ExtensionService#loadCommonJSModule file:///home/ross/Programming/packages/VSCode-linux-x64/resources/app/extensions/debug-auto-launch/dist/extension
[2020-05-23 23:42:43.395] [exthost] [info] ExtensionService#_doActivateExtension vscode.emmet {"startup":true,"extensionId":{"value":"vscode.emmet","_lower":"vscode.emmet"},"activationEvent":"*"}
[2020-05-23 23:42:43.395] [exthost] [info] ExtensionService#loadCommonJSModule file:///home/ross/Programming/packages/VSCode-linux-x64/resources/app/extensions/emmet/dist/extension
[2020-05-23 23:42:43.401] [exthost] [info] ExtensionService#_doActivateExtension vscode.git {"startup":true,"extensionId":{"value":"vscode.git","_lower":"vscode.git"},"activationEvent":"*"}
[2020-05-23 23:42:43.401] [exthost] [info] ExtensionService#loadCommonJSModule file:///home/ross/Programming/packages/VSCode-linux-x64/resources/app/extensions/git/dist/main
[2020-05-23 23:42:43.430] [exthost] [info] ExtensionService#_doActivateExtension vscode.github-authentication {"startup":true,"extensionId":{"value":"vscode.github-authentication","_lower":"vscode.github-authentication"},"activationEvent":"*"}
[2020-05-23 23:42:43.430] [exthost] [info] ExtensionService#loadCommonJSModule file:///home/ross/Programming/packages/VSCode-linux-x64/resources/app/extensions/github-authentication/dist/extension.js
[2020-05-23 23:42:43.437] [exthost] [info] ExtensionService#_doActivateExtension vscode.merge-conflict {"startup":true,"extensionId":{"value":"vscode.merge-conflict","_lower":"vscode.merge-conflict"},"activationEvent":"*"}
[2020-05-23 23:42:43.437] [exthost] [info] ExtensionService#loadCommonJSModule file:///home/ross/Programming/packages/VSCode-linux-x64/resources/app/extensions/merge-conflict/dist/extension
[2020-05-23 23:42:43.438] [exthost] [info] ExtensionService#_doActivateExtension vscode.search-result {"startup":true,"extensionId":{"value":"vscode.search-result","_lower":"vscode.search-result"},"activationEvent":"*"}
[2020-05-23 23:42:43.438] [exthost] [info] ExtensionService#loadCommonJSModule file:///home/ross/Programming/packages/VSCode-linux-x64/resources/app/extensions/search-result/dist/extension.js
[2020-05-23 23:42:43.439] [exthost] [info] ExtensionService#_doActivateExtension vscode.vscode-account {"startup":true,"extensionId":{"value":"vscode.vscode-account","_lower":"vscode.vscode-account"},"activationEvent":"*"}
[2020-05-23 23:42:43.439] [exthost] [info] ExtensionService#loadCommonJSModule file:///home/ross/Programming/packages/VSCode-linux-x64/resources/app/extensions/vscode-account/dist/extension.js
[2020-05-23 23:42:43.446] [exthost] [info] ExtensionService#_doActivateExtension CoenraadS.bracket-pair-colorizer {"startup":true,"extensionId":{"value":"CoenraadS.bracket-pair-colorizer","_lower":"coenraads.bracket-pair-colorizer"},"activationEvent":"*"}
[2020-05-23 23:42:43.446] [exthost] [info] ExtensionService#loadCommonJSModule file:///home/ross/.vscode/extensions/coenraads.bracket-pair-colorizer-1.0.61/out/src/extension
[2020-05-23 23:42:43.454] [exthost] [info] ExtensionService#_doActivateExtension eamodio.gitlens {"startup":true,"extensionId":{"value":"eamodio.gitlens","_lower":"eamodio.gitlens"},"activationEvent":"*"}
[2020-05-23 23:42:43.454] [exthost] [info] ExtensionService#loadCommonJSModule file:///home/ross/.vscode/extensions/eamodio.gitlens-10.2.1/dist/extension
[2020-05-23 23:42:43.490] [exthost] [info] ExtensionService#_doActivateExtension esbenp.prettier-vscode {"startup":true,"extensionId":{"value":"esbenp.prettier-vscode","_lower":"esbenp.prettier-vscode"},"activationEvent":"*"}
[2020-05-23 23:42:43.490] [exthost] [info] ExtensionService#loadCommonJSModule file:///home/ross/.vscode/extensions/esbenp.prettier-vscode-4.7.0/dist/extension
[2020-05-23 23:42:43.520] [exthost] [info] ExtensionService#_doActivateExtension PKief.material-icon-theme {"startup":true,"extensionId":{"value":"PKief.material-icon-theme","_lower":"pkief.material-icon-theme"},"activationEvent":"*"}
[2020-05-23 23:42:43.520] [exthost] [info] ExtensionService#loadCommonJSModule file:///home/ross/.vscode/extensions/pkief.material-icon-theme-4.1.0/dist/extension
[2020-05-23 23:42:43.523] [exthost] [info] ExtensionService#_doActivateExtension wayou.vscode-todo-highlight {"startup":true,"extensionId":{"value":"wayou.vscode-todo-highlight","_lower":"wayou.vscode-todo-highlight"},"activationEvent":"*"}
[2020-05-23 23:42:43.523] [exthost] [info] ExtensionService#loadCommonJSModule file:///home/ross/.vscode/extensions/wayou.vscode-todo-highlight-1.0.4/src/extension
[2020-05-23 23:42:43.523] [exthost] [info] ExtensionService#_doActivateExtension Zignd.html-css-class-completion {"startup":true,"extensionId":{"value":"Zignd.html-css-class-completion","_lower":"zignd.html-css-class-completion"},"activationEvent":"*"}
[2020-05-23 23:42:43.524] [exthost] [info] ExtensionService#loadCommonJSModule file:///home/ross/.vscode/extensions/zignd.html-css-class-completion-1.19.0/out/src/extension
[2020-05-23 23:42:43.645] [exthost] [info] eager extensions activated
[2020-05-23 23:44:25.701] [exthost] [info] extension host started
[2020-05-23 23:44:25.709] [exthost] [info] ExtensionService#_doActivateExtension vscode.debug-auto-launch {"startup":true,"extensionId":{"value":"vscode.debug-auto-launch","_lower":"vscode.debug-auto-launch"},"activationEvent":"*"}
[2020-05-23 23:44:25.709] [exthost] [info] ExtensionService#loadCommonJSModule file:///home/ross/Programming/packages/VSCode-linux-x64/resources/app/extensions/debug-auto-launch/dist/extension
[2020-05-23 23:44:25.711] [exthost] [info] ExtensionService#_doActivateExtension vscode.emmet {"startup":true,"extensionId":{"value":"vscode.emmet","_lower":"vscode.emmet"},"activationEvent":"*"}
[2020-05-23 23:44:25.711] [exthost] [info] ExtensionService#loadCommonJSModule file:///home/ross/Programming/packages/VSCode-linux-x64/resources/app/extensions/emmet/dist/extension
[2020-05-23 23:44:25.718] [exthost] [info] ExtensionService#_doActivateExtension vscode.git {"startup":true,"extensionId":{"value":"vscode.git","_lower":"vscode.git"},"activationEvent":"*"}
[2020-05-23 23:44:25.718] [exthost] [info] ExtensionService#loadCommonJSModule file:///home/ross/Programming/packages/VSCode-linux-x64/resources/app/extensions/git/dist/main
[2020-05-23 23:44:25.747] [exthost] [info] ExtensionService#_doActivateExtension vscode.github-authentication {"startup":true,"extensionId":{"value":"vscode.github-authentication","_lower":"vscode.github-authentication"},"activationEvent":"*"}
[2020-05-23 23:44:25.747] [exthost] [info] ExtensionService#loadCommonJSModule file:///home/ross/Programming/packages/VSCode-linux-x64/resources/app/extensions/github-authentication/dist/extension.js
[2020-05-23 23:44:25.755] [exthost] [info] ExtensionService#_doActivateExtension vscode.merge-conflict {"startup":true,"extensionId":{"value":"vscode.merge-conflict","_lower":"vscode.merge-conflict"},"activationEvent":"*"}
[2020-05-23 23:44:25.755] [exthost] [info] ExtensionService#loadCommonJSModule file:///home/ross/Programming/packages/VSCode-linux-x64/resources/app/extensions/merge-conflict/dist/extension
[2020-05-23 23:44:25.756] [exthost] [info] ExtensionService#_doActivateExtension vscode.search-result {"startup":true,"extensionId":{"value":"vscode.search-result","_lower":"vscode.search-result"},"activationEvent":"*"}
[2020-05-23 23:44:25.756] [exthost] [info] ExtensionService#loadCommonJSModule file:///home/ross/Programming/packages/VSCode-linux-x64/resources/app/extensions/search-result/dist/extension.js
[2020-05-23 23:44:25.757] [exthost] [info] ExtensionService#_doActivateExtension vscode.vscode-account {"startup":true,"extensionId":{"value":"vscode.vscode-account","_lower":"vscode.vscode-account"},"activationEvent":"*"}
[2020-05-23 23:44:25.757] [exthost] [info] ExtensionService#loadCommonJSModule file:///home/ross/Programming/packages/VSCode-linux-x64/resources/app/extensions/vscode-account/dist/extension.js
[2020-05-23 23:44:25.764] [exthost] [info] ExtensionService#_doActivateExtension CoenraadS.bracket-pair-colorizer {"startup":true,"extensionId":{"value":"CoenraadS.bracket-pair-colorizer","_lower":"coenraads.bracket-pair-colorizer"},"activationEvent":"*"}
[2020-05-23 23:44:25.764] [exthost] [info] ExtensionService#loadCommonJSModule file:///home/ross/.vscode/extensions/coenraads.bracket-pair-colorizer-1.0.61/out/src/extension
[2020-05-23 23:44:25.772] [exthost] [info] ExtensionService#_doActivateExtension eamodio.gitlens {"startup":true,"extensionId":{"value":"eamodio.gitlens","_lower":"eamodio.gitlens"},"activationEvent":"*"}
[2020-05-23 23:44:25.772] [exthost] [info] ExtensionService#loadCommonJSModule file:///home/ross/.vscode/extensions/eamodio.gitlens-10.2.1/dist/extension
[2020-05-23 23:44:25.808] [exthost] [info] ExtensionService#_doActivateExtension esbenp.prettier-vscode {"startup":true,"extensionId":{"value":"esbenp.prettier-vscode","_lower":"esbenp.prettier-vscode"},"activationEvent":"*"}
[2020-05-23 23:44:25.808] [exthost] [info] ExtensionService#loadCommonJSModule file:///home/ross/.vscode/extensions/esbenp.prettier-vscode-4.7.0/dist/extension
[2020-05-23 23:44:25.886] [exthost] [info] ExtensionService#_doActivateExtension PKief.material-icon-theme {"startup":true,"extensionId":{"value":"PKief.material-icon-theme","_lower":"pkief.material-icon-theme"},"activationEvent":"*"}
[2020-05-23 23:44:25.886] [exthost] [info] ExtensionService#loadCommonJSModule file:///home/ross/.vscode/extensions/pkief.material-icon-theme-4.1.0/dist/extension
[2020-05-23 23:44:25.888] [exthost] [info] ExtensionService#_doActivateExtension wayou.vscode-todo-highlight {"startup":true,"extensionId":{"value":"wayou.vscode-todo-highlight","_lower":"wayou.vscode-todo-highlight"},"activationEvent":"*"}
[2020-05-23 23:44:25.888] [exthost] [info] ExtensionService#loadCommonJSModule file:///home/ross/.vscode/extensions/wayou.vscode-todo-highlight-1.0.4/src/extension
[2020-05-23 23:44:25.889] [exthost] [info] ExtensionService#_doActivateExtension Zignd.html-css-class-completion {"startup":true,"extensionId":{"value":"Zignd.html-css-class-completion","_lower":"zignd.html-css-class-completion"},"activationEvent":"*"}
[2020-05-23 23:44:25.889] [exthost] [info] ExtensionService#loadCommonJSModule file:///home/ross/.vscode/extensions/zignd.html-css-class-completion-1.19.0/out/src/extension
[2020-05-23 23:44:26.173] [exthost] [info] eager extensions activated
[2020-05-23 23:48:47.001] [exthost] [info] ExtensionService#_doActivateExtension vscode.configuration-editing {"startup":false,"extensionId":{"value":"vscode.configuration-editing","_lower":"vscode.configuration-editing"},"activationEvent":"onLanguage:jsonc"}
[2020-05-23 23:48:47.001] [exthost] [info] ExtensionService#loadCommonJSModule file:///home/ross/Programming/packages/VSCode-linux-x64/resources/app/extensions/configuration-editing/dist/extension
[2020-05-23 23:48:47.003] [exthost] [info] ExtensionService#_doActivateExtension vscode.json-language-features {"startup":false,"extensionId":{"value":"vscode.json-language-features","_lower":"vscode.json-language-features"},"activationEvent":"onLanguage:jsonc"}
[2020-05-23 23:48:47.003] [exthost] [info] ExtensionService#loadCommonJSModule file:///home/ross/Programming/packages/VSCode-linux-x64/resources/app/extensions/json-language-features/client/dist/jsonMain
[2020-05-23 23:48:47.010] [exthost] [info] ExtensionService#_doActivateExtension vscode.typescript-language-features {"startup":false,"extensionId":{"value":"vscode.typescript-language-features","_lower":"vscode.typescript-language-features"},"activationEvent":"onLanguage:jsonc"}
[2020-05-23 23:48:47.010] [exthost] [info] ExtensionService#loadCommonJSModule file:///home/ross/Programming/packages/VSCode-linux-x64/resources/app/extensions/typescript-language-features/dist/extension
[2020-05-24 00:03:43.312] [exthost] [info] extension host started
[2020-05-24 00:03:43.320] [exthost] [info] ExtensionService#_doActivateExtension vscode.debug-auto-launch {"startup":true,"extensionId":{"value":"vscode.debug-auto-launch","_lower":"vscode.debug-auto-launch"},"activationEvent":"*"}
[2020-05-24 00:03:43.320] [exthost] [info] ExtensionService#loadCommonJSModule file:///home/ross/Programming/packages/VSCode-linux-x64/resources/app/extensions/debug-auto-launch/dist/extension
[2020-05-24 00:03:43.323] [exthost] [info] ExtensionService#_doActivateExtension vscode.emmet {"startup":true,"extensionId":{"value":"vscode.emmet","_lower":"vscode.emmet"},"activationEvent":"*"}
[2020-05-24 00:03:43.323] [exthost] [info] ExtensionService#loadCommonJSModule file:///home/ross/Programming/packages/VSCode-linux-x64/resources/app/extensions/emmet/dist/extension
[2020-05-24 00:03:43.329] [exthost] [info] ExtensionService#_doActivateExtension vscode.git {"startup":true,"extensionId":{"value":"vscode.git","_lower":"vscode.git"},"activationEvent":"*"}
[2020-05-24 00:03:43.329] [exthost] [info] ExtensionService#loadCommonJSModule file:///home/ross/Programming/packages/VSCode-linux-x64/resources/app/extensions/git/dist/main
[2020-05-24 00:03:43.360] [exthost] [info] ExtensionService#_doActivateExtension vscode.github-authentication {"startup":true,"extensionId":{"value":"vscode.github-authentication","_lower":"vscode.github-authentication"},"activationEvent":"*"}
[2020-05-24 00:03:43.360] [exthost] [info] ExtensionService#loadCommonJSModule file:///home/ross/Programming/packages/VSCode-linux-x64/resources/app/extensions/github-authentication/dist/extension.js
[2020-05-24 00:03:43.368] [exthost] [info] ExtensionService#_doActivateExtension vscode.merge-conflict {"startup":true,"extensionId":{"value":"vscode.merge-conflict","_lower":"vscode.merge-conflict"},"activationEvent":"*"}
[2020-05-24 00:03:43.368] [exthost] [info] ExtensionService#loadCommonJSModule file:///home/ross/Programming/packages/VSCode-linux-x64/resources/app/extensions/merge-conflict/dist/extension
[2020-05-24 00:03:43.369] [exthost] [info] ExtensionService#_doActivateExtension vscode.search-result {"startup":true,"extensionId":{"value":"vscode.search-result","_lower":"vscode.search-result"},"activationEvent":"*"}
[2020-05-24 00:03:43.369] [exthost] [info] ExtensionService#loadCommonJSModule file:///home/ross/Programming/packages/VSCode-linux-x64/resources/app/extensions/search-result/dist/extension.js
[2020-05-24 00:03:43.370] [exthost] [info] ExtensionService#_doActivateExtension vscode.vscode-account {"startup":true,"extensionId":{"value":"vscode.vscode-account","_lower":"vscode.vscode-account"},"activationEvent":"*"}
[2020-05-24 00:03:43.370] [exthost] [info] ExtensionService#loadCommonJSModule file:///home/ross/Programming/packages/VSCode-linux-x64/resources/app/extensions/vscode-account/dist/extension.js
[2020-05-24 00:03:43.377] [exthost] [info] ExtensionService#_doActivateExtension CoenraadS.bracket-pair-colorizer {"startup":true,"extensionId":{"value":"CoenraadS.bracket-pair-colorizer","_lower":"coenraads.bracket-pair-colorizer"},"activationEvent":"*"}
[2020-05-24 00:03:43.377] [exthost] [info] ExtensionService#loadCommonJSModule file:///home/ross/.vscode/extensions/coenraads.bracket-pair-colorizer-1.0.61/out/src/extension
[2020-05-24 00:03:43.386] [exthost] [info] ExtensionService#_doActivateExtension eamodio.gitlens {"startup":true,"extensionId":{"value":"eamodio.gitlens","_lower":"eamodio.gitlens"},"activationEvent":"*"}
[2020-05-24 00:03:43.386] [exthost] [info] ExtensionService#loadCommonJSModule file:///home/ross/.vscode/extensions/eamodio.gitlens-10.2.1/dist/extension
[2020-05-24 00:03:43.425] [exthost] [info] ExtensionService#_doActivateExtension esbenp.prettier-vscode {"startup":true,"extensionId":{"value":"esbenp.prettier-vscode","_lower":"esbenp.prettier-vscode"},"activationEvent":"*"}
[2020-05-24 00:03:43.425] [exthost] [info] ExtensionService#loadCommonJSModule file:///home/ross/.vscode/extensions/esbenp.prettier-vscode-4.7.0/dist/extension
[2020-05-24 00:03:43.484] [exthost] [info] ExtensionService#_doActivateExtension PKief.material-icon-theme {"startup":true,"extensionId":{"value":"PKief.material-icon-theme","_lower":"pkief.material-icon-theme"},"activationEvent":"*"}
[2020-05-24 00:03:43.484] [exthost] [info] ExtensionService#loadCommonJSModule file:///home/ross/.vscode/extensions/pkief.material-icon-theme-4.1.0/dist/extension
[2020-05-24 00:03:43.486] [exthost] [info] ExtensionService#_doActivateExtension wayou.vscode-todo-highlight {"startup":true,"extensionId":{"value":"wayou.vscode-todo-highlight","_lower":"wayou.vscode-todo-highlight"},"activationEvent":"*"}
[2020-05-24 00:03:43.487] [exthost] [info] ExtensionService#loadCommonJSModule file:///home/ross/.vscode/extensions/wayou.vscode-todo-highlight-1.0.4/src/extension
[2020-05-24 00:03:43.487] [exthost] [info] ExtensionService#_doActivateExtension Zignd.html-css-class-completion {"startup":true,"extensionId":{"value":"Zignd.html-css-class-completion","_lower":"zignd.html-css-class-completion"},"activationEvent":"*"}
[2020-05-24 00:03:43.487] [exthost] [info] ExtensionService#loadCommonJSModule file:///home/ross/.vscode/extensions/zignd.html-css-class-completion-1.19.0/out/src/extension
[2020-05-24 00:03:43.769] [exthost] [info] eager extensions activated
[2020-05-24 10:00:51.044] [exthost] [info] extension host started
[2020-05-24 10:00:51.065] [exthost] [info] ExtensionService#_doActivateExtension vscode.debug-auto-launch {"startup":true,"extensionId":{"value":"vscode.debug-auto-launch","_lower":"vscode.debug-auto-launch"},"activationEvent":"*"}
[2020-05-24 10:00:51.066] [exthost] [info] ExtensionService#loadCommonJSModule file:///home/ross/Programming/packages/VSCode-linux-x64/resources/app/extensions/debug-auto-launch/dist/extension
[2020-05-24 10:00:51.068] [exthost] [info] ExtensionService#_doActivateExtension vscode.emmet {"startup":true,"extensionId":{"value":"vscode.emmet","_lower":"vscode.emmet"},"activationEvent":"*"}
[2020-05-24 10:00:51.068] [exthost] [info] ExtensionService#loadCommonJSModule file:///home/ross/Programming/packages/VSCode-linux-x64/resources/app/extensions/emmet/dist/extension
[2020-05-24 10:00:51.075] [exthost] [info] ExtensionService#_doActivateExtension vscode.git {"startup":true,"extensionId":{"value":"vscode.git","_lower":"vscode.git"},"activationEvent":"*"}
[2020-05-24 10:00:51.075] [exthost] [info] ExtensionService#loadCommonJSModule file:///home/ross/Programming/packages/VSCode-linux-x64/resources/app/extensions/git/dist/main
[2020-05-24 10:00:51.105] [exthost] [info] ExtensionService#_doActivateExtension vscode.github-authentication {"startup":true,"extensionId":{"value":"vscode.github-authentication","_lower":"vscode.github-authentication"},"activationEvent":"*"}
[2020-05-24 10:00:51.105] [exthost] [info] ExtensionService#loadCommonJSModule file:///home/ross/Programming/packages/VSCode-linux-x64/resources/app/extensions/github-authentication/dist/extension.js
[2020-05-24 10:00:51.112] [exthost] [info] ExtensionService#_doActivateExtension vscode.merge-conflict {"startup":true,"extensionId":{"value":"vscode.merge-conflict","_lower":"vscode.merge-conflict"},"activationEvent":"*"}
[2020-05-24 10:00:51.112] [exthost] [info] ExtensionService#loadCommonJSModule file:///home/ross/Programming/packages/VSCode-linux-x64/resources/app/extensions/merge-conflict/dist/extension
[2020-05-24 10:00:51.114] [exthost] [info] ExtensionService#_doActivateExtension vscode.search-result {"startup":true,"extensionId":{"value":"vscode.search-result","_lower":"vscode.search-result"},"activationEvent":"*"}
[2020-05-24 10:00:51.114] [exthost] [info] ExtensionService#loadCommonJSModule file:///home/ross/Programming/packages/VSCode-linux-x64/resources/app/extensions/search-result/dist/extension.js
[2020-05-24 10:00:51.114] [exthost] [info] ExtensionService#_doActivateExtension vscode.vscode-account {"startup":true,"extensionId":{"value":"vscode.vscode-account","_lower":"vscode.vscode-account"},"activationEvent":"*"}
[2020-05-24 10:00:51.114] [exthost] [info] ExtensionService#loadCommonJSModule file:///home/ross/Programming/packages/VSCode-linux-x64/resources/app/extensions/vscode-account/dist/extension.js
[2020-05-24 10:00:51.123] [exthost] [info] ExtensionService#_doActivateExtension CoenraadS.bracket-pair-colorizer {"startup":true,"extensionId":{"value":"CoenraadS.bracket-pair-colorizer","_lower":"coenraads.bracket-pair-colorizer"},"activationEvent":"*"}
[2020-05-24 10:00:51.123] [exthost] [info] ExtensionService#loadCommonJSModule file:///home/ross/.vscode/extensions/coenraads.bracket-pair-colorizer-1.0.61/out/src/extension
[2020-05-24 10:00:51.131] [exthost] [info] ExtensionService#_doActivateExtension eamodio.gitlens {"startup":true,"extensionId":{"value":"eamodio.gitlens","_lower":"eamodio.gitlens"},"activationEvent":"*"}
[2020-05-24 10:00:51.131] [exthost] [info] ExtensionService#loadCommonJSModule file:///home/ross/.vscode/extensions/eamodio.gitlens-10.2.1/dist/extension
[2020-05-24 10:00:51.169] [exthost] [info] ExtensionService#_doActivateExtension esbenp.prettier-vscode {"startup":true,"extensionId":{"value":"esbenp.prettier-vscode","_lower":"esbenp.prettier-vscode"},"activationEvent":"*"}
[2020-05-24 10:00:51.169] [exthost] [info] ExtensionService#loadCommonJSModule file:///home/ross/.vscode/extensions/esbenp.prettier-vscode-4.7.0/dist/extension
[2020-05-24 10:00:51.230] [exthost] [info] ExtensionService#_doActivateExtension PKief.material-icon-theme {"startup":true,"extensionId":{"value":"PKief.material-icon-theme","_lower":"pkief.material-icon-theme"},"activationEvent":"*"}
[2020-05-24 10:00:51.231] [exthost] [info] ExtensionService#loadCommonJSModule file:///home/ross/.vscode/extensions/pkief.material-icon-theme-4.1.0/dist/extension
[2020-05-24 10:00:51.235] [exthost] [info] ExtensionService#_doActivateExtension wayou.vscode-todo-highlight {"startup":true,"extensionId":{"value":"wayou.vscode-todo-highlight","_lower":"wayou.vscode-todo-highlight"},"activationEvent":"*"}
[2020-05-24 10:00:51.235] [exthost] [info] ExtensionService#loadCommonJSModule file:///home/ross/.vscode/extensions/wayou.vscode-todo-highlight-1.0.4/src/extension
[2020-05-24 10:00:51.237] [exthost] [info] ExtensionService#_doActivateExtension Zignd.html-css-class-completion {"startup":true,"extensionId":{"value":"Zignd.html-css-class-completion","_lower":"zignd.html-css-class-completion"},"activationEvent":"*"}
[2020-05-24 10:00:51.237] [exthost] [info] ExtensionService#loadCommonJSModule file:///home/ross/.vscode/extensions/zignd.html-css-class-completion-1.19.0/out/src/extension
[2020-05-24 10:00:51.515] [exthost] [info] eager extensions activated
